<?xml version="1.0" encoding="utf-8"?><testsuites name="pytest tests"><testsuite name="pytest" errors="0" failures="0" skipped="0" tests="227" time="36.565" timestamp="2026-09-21T00:04:01.804502+02:00" hostname="MFR"><testcase classname="tests.test_api_benchmark" name="test_run_benchmark_offline" time="0.436" /><testcase classname="tests.test_api_benchmark" name="test_run_benchmark_client_error_isolated" time="0.309" /><testcase classname="tests.test_api_benchmark" name="test_run_benchmark_records_empty_response_separately[]" time="0.312" /><testcase classname="tests.test_api_benchmark" name="test_run_benchmark_records_empty_response_separately[   \n\t]" time="0.319" /><testcase classname="tests.test_api_benchmark" name="test_api_clients_default_to_three_minute_timeout[HFInferenceClient]" time="0.001" /><testcase classname="tests.test_api_benchmark" name="test_api_clients_default_to_three_minute_timeout[OpenCodeClient]" time="0.001" /><testcase classname="tests.test_api_benchmark" name="test_api_clients_default_to_three_minute_timeout[OpenRouterClient]" time="0.001" /><testcase classname="tests.test_api_benchmark" name="test_run_benchmark_preflight_failure_makes_no_client_calls" time="0.290" /><testcase classname="tests.test_api_benchmark" name="test_select_models" time="0.001" /><testcase classname="tests.test_api_benchmark" name="test_safe_name" time="0.001" /><testcase classname="tests.test_api_benchmark" name="test_apply_reasoning_effort_creates_distinct_run_variant" time="0.001" /><testcase classname="tests.test_api_benchmark" name="test_apply_reasoning_effort_omitted_keeps_model_name" time="0.001" /><testcase classname="tests.test_api_benchmark" name="test_apply_default_reasoning_only_changes_variant_name" time="0.001" /><testcase classname="tests.test_api_benchmark" name="test_reasoning_choices_use_synced_capabilities" time="0.001" /><testcase classname="tests.test_api_benchmark" name="test_prompt_reasoning_effort_uses_numbered_choice" time="0.001" /><testcase classname="tests.test_api_benchmark" name="test_configure_reasoning_rejects_unadvertised_effort" time="0.002" /><testcase classname="tests.test_api_benchmark" name="test_preflight_clamps_limits_and_omits_unsupported_temperature" time="0.001" /><testcase classname="tests.test_api_benchmark" name="test_preflight_rejects_model_without_token_limit_support" time="0.001" /><testcase classname="tests.test_api_benchmark" name="test_preflight_uses_max_completion_tokens_when_required" time="0.001" /><testcase classname="tests.test_api_benchmark" name="test_preflight_clamps_to_context_budget" time="0.002" /><testcase classname="tests.test_api_benchmark" name="test_active_prompt_targets_match_task[heat_exchanger_v1-heat_exchanger_score_v1]" time="0.042" /><testcase classname="tests.test_api_benchmark" name="test_active_prompt_targets_match_task[heat_exchanger_v2-heat_exchanger_score_v1]" time="0.047" /><testcase classname="tests.test_api_benchmark" name="test_active_prompt_targets_match_task[heat_exchanger_v3-heat_exchanger_score_v1]" time="0.032" /><testcase classname="tests.test_api_benchmark" name="test_active_prompt_targets_match_task[heat_exchanger_v4-heat_exchanger_score_v1]" time="0.023" /><testcase classname="tests.test_api_benchmark" name="test_active_prompt_targets_match_task[heat_exchanger_hard_v1-heat_exchanger_score_v1]" time="0.040" /><testcase classname="tests.test_api_benchmark" name="test_active_prompt_targets_match_task[heat_exchanger_hard_v2-heat_exchanger_score_v3]" time="0.043" /><testcase classname="tests.test_api_benchmark" name="test_benchmark_sends_and_records_paired_prompt" time="0.316" /><testcase classname="tests.test_api_benchmark" name="test_run_benchmark_records_token_accounting_and_frozen_prices" time="0.398" /><testcase classname="tests.test_api_benchmark" name="test_run_benchmark_prefers_the_cost_the_provider_charged" time="0.385" /><testcase classname="tests.test_api_benchmark" name="test_run_benchmark_keeps_accounting_for_a_failed_client" time="0.294" /><testcase classname="tests.test_api_benchmark" name="test_run_benchmark_freezes_the_live_price_not_the_local_registry" time="0.049" /><testcase classname="tests.test_api_benchmark" name="test_run_benchmark_falls_back_to_local_prices_when_the_api_is_unreachable" time="0.037" /><testcase classname="tests.test_api_benchmark" name="test_run_benchmark_archives_the_price_book_it_used" time="0.036" /><testcase classname="tests.test_api_benchmark" name="test_output_truncated_at_the_cap_is_recorded_as_token_limit" time="0.281" /><testcase classname="tests.test_api_benchmark" name="test_a_genuinely_empty_response_is_still_an_empty_response" time="0.293" /><testcase classname="tests.test_api_benchmark" name="test_truncation_is_distinguishable_after_the_fact" time="0.698" /><testcase classname="tests.test_core_interfaces" name="test_successful_evaluation" time="0.010" /><testcase classname="tests.test_core_interfaces" name="test_schema_error" time="0.002" /><testcase classname="tests.test_core_interfaces" name="test_drc_error" time="0.002" /><testcase classname="tests.test_core_interfaces" name="test_simulation_failure" time="0.001" /><testcase classname="tests.test_core_interfaces" name="test_simulation_crash" time="0.001" /><testcase classname="tests.test_dashboard" name="test_flatten_record_preserves_details_and_estimates_cost" time="0.002" /><testcase classname="tests.test_dashboard" name="test_flatten_record_does_not_turn_missing_metrics_into_zero" time="0.002" /><testcase classname="tests.test_dashboard" name="test_aggregate_runs_includes_model_failures_in_mean_score" time="0.109" /><testcase classname="tests.test_dashboard" name="test_aggregate_runs_reports_requirement_compliance_and_diversity" time="0.021" /><testcase classname="tests.test_dashboard" name="test_pipeline_funnel_counts_survivors_per_stage" time="0.011" /><testcase classname="tests.test_dashboard" name="test_error_pattern_groups_runs_that_failed_the_same_way" time="0.001" /><testcase classname="tests.test_dashboard" name="test_model_labels_stay_unique_and_keep_the_reasoning_variant" time="0.001" /><testcase classname="tests.test_dashboard" name="test_load_all_runs_reports_broken_json_lines" time="0.017" /><testcase classname="tests.test_dashboard" name="test_load_all_runs_keeps_legacy_layout_as_zero_shot" time="0.013" /><testcase classname="tests.test_dashboard" name="test_load_all_runs_keeps_transitional_nested_track_layout" time="0.016" /><testcase classname="tests.test_dashboard" name="test_load_all_runs_discovers_reserved_feedback_track" time="0.030" /><testcase classname="tests.test_dashboard" name="test_prompt_units_are_discovered_within_their_own_track" time="0.009" /><testcase classname="tests.test_dashboard" name="test_task_notes_are_scoped_to_the_selected_track" time="0.027" /><testcase classname="tests.test_hard_task" name="test_hard_task_reference_is_reproducibly_feasible" time="0.030" /><testcase classname="tests.test_hard_task" name="test_hard_v2_top_calibration_design_is_feasible_and_reproducible" time="0.016" /><testcase classname="tests.test_hard_v4_turndown" name="test_the_turndown_point_is_simulated" time="0.021" /><testcase classname="tests.test_hard_v4_turndown" name="test_warnings_from_both_loads_are_summed" time="0.007" /><testcase classname="tests.test_hard_v4_turndown" name="test_turndown_warnings_are_labelled_by_their_load" time="0.006" /><testcase classname="tests.test_hard_v4_turndown" name="test_the_gate_is_still_a_single_load" time="0.949" /><testcase classname="tests.test_hard_v4_turndown" name="test_the_witness_scores_a_perfect_one" time="0.003" /><testcase classname="tests.test_hard_v4_turndown" name="test_the_witness_is_clean_at_both_loads" time="0.004" /><testcase classname="tests.test_hard_v4_turndown" name="test_hard_v4_passes_its_own_audit" time="5.355" /><testcase classname="tests.test_hard_v4_turndown" name="test_a_witness_that_does_not_hold_is_a_critical_finding" time="0.262" /><testcase classname="tests.test_hard_v4_turndown" name="test_turndown_below_the_feasible_range_is_caught_as_a_wall" time="5.553" /><testcase classname="tests.test_hard_v4_turndown" name="test_a_malformed_secondary_point_raises[points0]" time="0.001" /><testcase classname="tests.test_hard_v4_turndown" name="test_a_malformed_secondary_point_raises[points1]" time="0.001" /><testcase classname="tests.test_hard_v4_turndown" name="test_a_malformed_secondary_point_raises[points2]" time="0.001" /><testcase classname="tests.test_hard_v4_turndown" name="test_a_malformed_secondary_point_raises[points3]" time="0.002" /><testcase classname="tests.test_hard_v4_turndown" name="test_a_malformed_secondary_point_raises[points4]" time="0.001" /><testcase classname="tests.test_hard_v4_turndown" name="test_a_malformed_secondary_point_raises[points5]" time="0.001" /><testcase classname="tests.test_hard_v4_turndown" name="test_a_malformed_secondary_point_raises[points6]" time="0.001" /><testcase classname="tests.test_hard_v4_turndown" name="test_a_secondary_point_inherits_what_it_does_not_change" time="0.001" /><testcase classname="tests.test_hard_v4_turndown" name="test_a_task_without_secondary_points_is_unaffected" time="0.001" /><testcase classname="tests.test_heat_exchanger_imports" name="test_imports" time="1.714" /><testcase classname="tests.test_heat_exchanger_physics" name="test_fixed_operating_conditions_cannot_be_overridden" time="0.003" /><testcase classname="tests.test_heat_exchanger_physics" name="test_tube_velocity_uses_tubes_per_pass" time="0.002" /><testcase classname="tests.test_heat_exchanger_physics" name="test_lmtd_factor_matches_ht_reference" time="0.002" /><testcase classname="tests.test_heat_exchanger_physics" name="test_impossible_tube_bundle_fails_drc" time="0.001" /><testcase classname="tests.test_heat_exchanger_physics" name="test_triangular_pitch_has_positive_equivalent_diameter" time="0.002" /><testcase classname="tests.test_heat_exchanger_physics" name="test_concentric_tube_has_one_pass_no_baffles_and_nozzle_loss" time="0.001" /><testcase classname="tests.test_heat_exchanger_physics" name="test_vibration_limit_responds_to_unsupported_span" time="0.001" /><testcase classname="tests.test_heat_exchanger_score" name="test_reward_invalid" time="0.001" /><testcase classname="tests.test_heat_exchanger_score" name="test_reward_valid_perfect" time="0.001" /><testcase classname="tests.test_heat_exchanger_score" name="test_reward_valid_penalty" time="0.001" /><testcase classname="tests.test_heat_exchanger_smoke" name="test_smoke_valid_design" time="0.002" /><testcase classname="tests.test_heat_exchanger_smoke" name="test_smoke_concentric_tube_design" time="0.001" /><testcase classname="tests.test_json_parser" name="test_parse_valid_json" time="0.001" /><testcase classname="tests.test_json_parser" name="test_parse_markdown_json" time="0.001" /><testcase classname="tests.test_json_parser" name="test_parse_broken_json" time="0.001" /><testcase classname="tests.test_json_parser" name="test_parse_list_return" time="0.001" /><testcase classname="tests.test_live_pricing" name="test_parse_price_payload_keeps_only_models_that_state_a_price" time="0.001" /><testcase classname="tests.test_live_pricing" name="test_live_price_book_is_read_once_per_process" time="0.001" /><testcase classname="tests.test_live_pricing" name="test_snapshot_from_live_resolves_by_model_id_or_display_name" time="0.001" /><testcase classname="tests.test_live_pricing" name="test_fetch_openrouter_prices_parses_a_real_shaped_response" time="0.001" /><testcase classname="tests.test_live_pricing" name="test_resolve_price_book_falls_back_to_the_local_registry_when_offline" time="0.034" /><testcase classname="tests.test_live_pricing" name="test_live_book_bridges_display_names_to_api_model_ids" time="0.001" /><testcase classname="tests.test_model_client_interface" name="test_dummy_random_client" time="0.001" /><testcase classname="tests.test_openrouter_fallback" name="test_prune_openrouter_models" time="0.001" /><testcase classname="tests.test_openrouter_fallback" name="test_refresh_model_metadata_records_reasoning_capabilities" time="0.001" /><testcase classname="tests.test_openrouter_fallback" name="test_openrouter_client_404_free_fallback" time="2.209" /><testcase classname="tests.test_openrouter_fallback" name="test_openrouter_client_429_retry" time="0.276" /><testcase classname="tests.test_openrouter_fallback" name="test_caller_extra_body_and_usage_accounting_are_merged" time="0.264" /><testcase classname="tests.test_openrouter_fallback" name="test_usage_accounting_alone_still_reaches_the_request" time="0.283" /><testcase classname="tests.test_openrouter_fallback" name="test_caller_may_override_usage_accounting" time="0.268" /><testcase classname="tests.test_openrouter_fallback" name="test_client_params_are_not_mutated_between_calls" time="0.255" /><testcase classname="tests.test_operating_conditions" name="test_a_task_without_operating_conditions_keeps_the_historical_point" time="0.004" /><testcase classname="tests.test_operating_conditions" name="test_an_empty_block_is_the_same_as_no_block" time="0.004" /><testcase classname="tests.test_operating_conditions" name="test_the_default_hook_leaves_the_design_alone" time="0.001" /><testcase classname="tests.test_operating_conditions" name="test_raising_the_flow_raises_duty_and_velocity" time="0.003" /><testcase classname="tests.test_operating_conditions" name="test_raising_the_inlet_temperature_raises_duty" time="0.003" /><testcase classname="tests.test_operating_conditions" name="test_unbalancing_the_flows_raises_the_effectiveness_ceiling" time="0.001" /><testcase classname="tests.test_operating_conditions" name="test_analyse_physics_reports_the_point_it_analysed" time="0.001" /><testcase classname="tests.test_operating_conditions" name="test_a_design_cannot_smuggle_an_operating_condition_through_the_schema" time="0.001" /><testcase classname="tests.test_operating_conditions" name="test_the_task_overrides_a_design_that_names_the_same_key" time="0.001" /><testcase classname="tests.test_operating_conditions" name="test_an_impossible_operating_point_raises[conditions0]" time="0.001" /><testcase classname="tests.test_operating_conditions" name="test_an_impossible_operating_point_raises[conditions1]" time="0.001" /><testcase classname="tests.test_operating_conditions" name="test_an_impossible_operating_point_raises[conditions2]" time="0.001" /><testcase classname="tests.test_operating_conditions" name="test_an_impossible_operating_point_raises[conditions3]" time="0.001" /><testcase classname="tests.test_operating_conditions" name="test_an_impossible_operating_point_raises[conditions4]" time="0.001" /><testcase classname="tests.test_operating_conditions" name="test_an_impossible_operating_point_raises[conditions5]" time="0.001" /><testcase classname="tests.test_operating_conditions" name="test_an_impossible_operating_point_raises[conditions6]" time="0.001" /><testcase classname="tests.test_operating_conditions" name="test_an_impossible_operating_point_raises[conditions7]" time="0.002" /><testcase classname="tests.test_operating_conditions" name="test_a_misspelled_key_raises_rather_than_silently_defaulting" time="0.002" /><testcase classname="tests.test_operating_conditions" name="test_a_non_mapping_block_raises" time="0.001" /><testcase classname="tests.test_operating_conditions" name="test_task_misconfiguration_is_not_recorded_as_a_design_failure" time="0.001" /><testcase classname="tests.test_operating_conditions" name="test_the_audit_audits_the_point_the_task_specifies" time="0.751" /><testcase classname="tests.test_registry_scores" name="test_make_env_default" time="0.001" /><testcase classname="tests.test_registry_scores" name="test_make_env_v2" time="0.001" /><testcase classname="tests.test_registry_scores" name="test_make_env_v3" time="0.001" /><testcase classname="tests.test_registry_scores" name="test_dynamic_score_resolution" time="0.001" /><testcase classname="tests.test_score_v2" name="test_v2_bounds" time="0.001" /><testcase classname="tests.test_score_v2" name="test_v2_oversizing_penalty" time="0.001" /><testcase classname="tests.test_score_v2" name="test_v2_dp_decay" time="0.001" /><testcase classname="tests.test_score_v3" name="test_v3_perfect_design_scores_one" time="0.001" /><testcase classname="tests.test_score_v3" name="test_v3_unmet_requirement_adds_ten_percent_penalty" time="0.001" /><testcase classname="tests.test_score_v3" name="test_v3_warnings_and_unmet_requirements_share_penalty_scale" time="0.001" /><testcase classname="tests.test_score_v3" name="test_v3_cost_reward_uses_calibrated_range[4000.0-1.0]" time="0.001" /><testcase classname="tests.test_score_v3" name="test_v3_cost_reward_uses_calibrated_range[5000.0-1.0]" time="0.001" /><testcase classname="tests.test_score_v3" name="test_v3_cost_reward_uses_calibrated_range[10000.0-0.5]" time="0.001" /><testcase classname="tests.test_score_v3" name="test_v3_cost_reward_uses_calibrated_range[15000.0-0.0]" time="0.001" /><testcase classname="tests.test_score_v3" name="test_v3_cost_reward_uses_calibrated_range[20000.0-0.0]" time="0.001" /><testcase classname="tests.test_score_v3" name="test_v3_cost_reward_is_gated_by_performance" time="0.001" /><testcase classname="tests.test_score_v3" name="test_v3_invalid_design_scores_zero" time="0.001" /><testcase classname="tests.test_score_v4" name="test_invalid_design_scores_zero" time="0.001" /><testcase classname="tests.test_score_v4" name="test_passing_the_gate_with_worthless_quality_pays_exactly_the_gate_share" time="0.001" /><testcase classname="tests.test_score_v4" name="test_missing_a_requirement_caps_the_score_at_the_gate_share" time="0.001" /><testcase classname="tests.test_score_v4" name="test_the_gate_boundary_is_continuous_not_a_cliff" time="0.001" /><testcase classname="tests.test_score_v4" name="test_exceeding_the_duty_target_earns_nothing_extra" time="0.001" /><testcase classname="tests.test_score_v4" name="test_every_requirement_must_be_met" time="0.001" /><testcase classname="tests.test_score_v4" name="test_a_perfect_design_scores_one" time="0.001" /><testcase classname="tests.test_score_v4" name="test_cost_moves_the_score_continuously" time="0.001" /><testcase classname="tests.test_score_v4" name="test_each_warning_costs_a_tenth_of_the_quality_term" time="0.001" /><testcase classname="tests.test_score_v4" name="test_effectiveness_does_not_affect_the_score" time="0.001" /><testcase classname="tests.test_score_v4" name="test_effectiveness_is_duty_over_a_constant" time="0.004" /><testcase classname="tests.test_score_v4" name="test_invalid_task_configuration_is_rejected[bad0]" time="0.001" /><testcase classname="tests.test_score_v4" name="test_invalid_task_configuration_is_rejected[bad1]" time="0.001" /><testcase classname="tests.test_score_v4" name="test_invalid_task_configuration_is_rejected[bad2]" time="0.001" /><testcase classname="tests.test_score_v4" name="test_invalid_task_configuration_is_rejected[bad3]" time="0.001" /><testcase classname="tests.test_score_v4" name="test_invalid_task_configuration_is_rejected[bad4]" time="0.001" /><testcase classname="tests.test_score_v4" name="test_seven_field_design_still_validates" time="0.001" /><testcase classname="tests.test_score_v4" name="test_optional_fields_are_accepted" time="0.001" /><testcase classname="tests.test_score_v4" name="test_explicit_null_means_use_the_default" time="0.003" /><testcase classname="tests.test_score_v4" name="test_unknown_fields_are_still_rejected" time="0.001" /><testcase classname="tests.test_score_v4" name="test_the_reference_design_scores_a_perfect_one" time="0.003" /><testcase classname="tests.test_score_v4" name="test_oversized_nozzle_is_rejected_by_drc" time="0.001" /><testcase classname="tests.test_score_v4" name="test_nozzle_bore_is_capped_relative_to_the_shell" time="0.002" /><testcase classname="tests.test_score_v4" name="test_an_oversized_nozzle_costs_mass_and_raises_a_warning" time="0.004" /><testcase classname="tests.test_score_v4" name="test_an_undersized_nozzle_still_raises_the_erosion_warning" time="0.002" /><testcase classname="tests.test_score_v4" name="test_hard_v3_task_file_is_healthy" time="3.577" /><testcase classname="tests.test_score_v4" name="test_concentric_nozzle_is_bounded_by_the_outer_pipe_not_a_shell_fraction" time="0.001" /><testcase classname="tests.test_simulator_v4_fixes" name="test_version_is_v4" time="0.001" /><testcase classname="tests.test_simulator_v4_fixes" name="test_drc_rejects_tube_count_not_divisible_by_the_designs_own_passes" time="0.001" /><testcase classname="tests.test_simulator_v4_fixes" name="test_drc_and_simulator_agree_on_a_valid_four_pass_design" time="0.002" /><testcase classname="tests.test_simulator_v4_fixes" name="test_drc_rejects_odd_tube_passes" time="0.001" /><testcase classname="tests.test_simulator_v4_fixes" name="test_drc_enforces_tema_minimum_pitch_ratio" time="0.001" /><testcase classname="tests.test_simulator_v4_fixes" name="test_drc_rejects_unknown_pitch_type" time="0.001" /><testcase classname="tests.test_simulator_v4_fixes" name="test_drc_still_accepts_a_plain_seven_field_design" time="0.002" /><testcase classname="tests.test_simulator_v4_fixes" name="test_span_limit_rises_with_tube_diameter" time="0.001" /><testcase classname="tests.test_simulator_v4_fixes" name="test_span_limit_is_conservative_between_table_entries" time="0.001" /><testcase classname="tests.test_simulator_v4_fixes" name="test_span_limit_clamps_outside_the_table" time="0.001" /><testcase classname="tests.test_simulator_v4_fixes" name="test_small_tube_now_warns_at_a_span_the_flat_limit_allowed" time="0.001" /><testcase classname="tests.test_simulator_v4_fixes" name="test_large_tube_tolerates_a_span_the_flat_limit_rejected" time="0.001" /><testcase classname="tests.test_simulator_v4_fixes" name="test_span_check_is_not_applied_to_a_concentric_tube" time="0.001" /><testcase classname="tests.test_simulator_v4_fixes" name="test_shell_thickness_minimum_matches_asme_ug27" time="0.002" /><testcase classname="tests.test_simulator_v4_fixes" name="test_asme_formula_is_more_conservative_than_the_old_one_at_pressure" time="0.001" /><testcase classname="tests.test_simulator_v4_fixes" name="test_joint_efficiency_increases_required_thickness" time="0.006" /><testcase classname="tests.test_simulator_v4_fixes" name="test_invalid_joint_efficiency_is_rejected" time="0.001" /><testcase classname="tests.test_simulator_v4_fixes" name="test_low_shell_reynolds_is_flagged_without_adding_a_warning" time="0.002" /><testcase classname="tests.test_simulator_v4_fixes" name="test_sparse_bundle_in_a_wide_shell_is_flagged" time="0.002" /><testcase classname="tests.test_simulator_v4_fixes" name="test_fidelity_notes_are_present_for_every_successful_simulation" time="0.002" /><testcase classname="tests.test_simulator_v4_fixes" name="test_simulation_remains_deterministic" time="0.004" /><testcase classname="tests.test_task_audit" name="test_requirement_gte_and_lte" time="0.001" /><testcase classname="tests.test_task_audit" name="test_requirement_missing_or_non_numeric_metric_is_not_satisfied" time="0.001" /><testcase classname="tests.test_task_audit" name="test_environment_without_hooks_cannot_be_audited" time="0.001" /><testcase classname="tests.test_task_audit" name="test_warning_normalisation_collapses_numbers" time="0.001" /><testcase classname="tests.test_task_audit" name="test_sample_designs_is_deterministic" time="0.002" /><testcase classname="tests.test_task_audit" name="test_sample_designs_covers_both_geometries" time="0.003" /><testcase classname="tests.test_task_audit" name="test_audit_is_deterministic" time="0.852" /><testcase classname="tests.test_task_audit" name="test_walled_task_is_reported_unhealthy" time="2.841" /><testcase classname="tests.test_task_audit" name="test_walled_task_duty_sits_against_the_epsilon_ceiling" time="0.001" /><testcase classname="tests.test_task_audit" name="test_walled_task_forces_unavoidable_warnings" time="0.001" /><testcase classname="tests.test_task_audit" name="test_walled_task_pressure_budget_is_mostly_beyond_the_designers_reach" time="0.001" /><testcase classname="tests.test_task_audit" name="test_roomy_task_has_no_forced_penalty" time="2.654" /><testcase classname="tests.test_task_audit" name="test_roomy_task_leaves_the_pressure_budget_to_the_design" time="0.001" /><testcase classname="tests.test_task_audit" name="test_roomy_task_is_reachable" time="0.001" /><testcase classname="tests.test_task_audit" name="test_report_records_per_requirement_satisfaction" time="0.001" /><testcase classname="tests.test_task_audit" name="test_report_identifies_checks_that_never_fire" time="0.001" /><testcase classname="tests.test_task_audit" name="test_summary_is_printable" time="0.001" /><testcase classname="tests.test_throughflow_research" name="test_research_case_identifiers_are_unique" time="0.001" /><testcase classname="tests.test_throughflow_research" name="test_no_resolution_override_preserves_constructor_input" time="0.002" /><testcase classname="tests.test_throughflow_research" name="test_resolution_override_does_not_touch_blade_angles" time="0.001" /><testcase classname="tests.test_throughflow_research" name="test_plots_are_removed_but_physics_and_solve_order_are_preserved" time="0.001" /><testcase classname="tests.test_throughflow_research" name="test_upstream_source_remains_separate_from_package" time="0.004" /><testcase classname="tests.test_token_ledger" name="test_extract_usage_reads_reasoning_and_cached_tokens" time="0.001" /><testcase classname="tests.test_token_ledger" name="test_extract_usage_survives_a_provider_that_reports_almost_nothing" time="0.001" /><testcase classname="tests.test_token_ledger" name="test_extract_usage_handles_a_response_without_usage" time="0.001" /><testcase classname="tests.test_token_ledger" name="test_price_snapshot_and_estimate_freeze_the_rate_that_was_used" time="0.001" /><testcase classname="tests.test_token_ledger" name="test_estimate_cost_is_none_when_the_price_is_unknown" time="0.001" /><testcase classname="tests.test_token_ledger" name="test_usage_row_prefers_the_cost_the_provider_actually_charged" time="0.001" /><testcase classname="tests.test_token_ledger" name="test_usage_row_prices_legacy_records_from_their_embedded_metadata" time="0.001" /><testcase classname="tests.test_token_ledger" name="test_usage_row_leaves_cost_unknown_rather_than_calling_it_free" time="0.001" /><testcase classname="tests.test_token_ledger" name="test_reprice_applies_a_different_price_list_to_the_same_tokens" time="0.001" /><testcase classname="tests.test_token_ledger" name="test_build_ledger_reads_every_track_and_prices_then_and_now" time="0.037" /><testcase classname="tests.test_token_ledger" name="test_group_summary_ranks_by_historical_spend" time="0.003" /><testcase classname="tests.test_token_ledger" name="test_load_price_book_reads_a_dated_snapshot" time="0.012" /><testcase classname="tests.test_token_ledger" name="test_load_price_book_reads_the_live_model_registry" time="0.006" /></testsuite></testsuites>